<?xml version="1.0" encoding="UTF-8"?>
<testsuite name="quru.qa.ExampleTest" tests="1" skipped="0" failures="0" errors="0" timestamp="2022-09-17T18:15:31" hostname="Aspire-A515-54" time="0.018">
  <properties/>
  <testcase name="exampleTest()" classname="quru.qa.ExampleTest" time="0.018"/>
  <system-out><![CDATA[]]></system-out>
  <system-err><![CDATA[]]></system-err>
</testsuite>
